Build started 1/30/2017 4:27:33 PM.
     1>Project "C:\Users\User\Documents\GitHub\Modern C++ Design\Chapter 1\Policies\Policies\Policies.vcxproj" on node 2 (Build target(s)).
     1>ClCompile:
         C:\Program Files (x86)\Microsoft Visual Studio 12.0\VC\bin\CL.exe /c /ZI /nologo /W3 /WX- /Od /Oy- /D WIN32 /D _DEBUG /D _CONSOLE /D _LIB /D _UNICODE /D UNICODE /Gm /EHsc /RTC1 /MDd /GS /fp:precise /Zc:wchar_t /Zc:forScope /Fo"Debug\\" /Fd"Debug\vc120.pdb" /Gd /TP /analyze- /errorReport:prompt main.cpp
         main.cpp
     1>c:\users\user\documents\github\modern c++ design\chapter 1\policies\policies\main.cpp(218): error C2039: 'SetNewTarget' : is not a member of 'RandomMovement'
                 c:\users\user\documents\github\modern c++ design\chapter 1\policies\policies\main.cpp(193) : see declaration of 'RandomMovement'
                 c:\users\user\documents\github\modern c++ design\chapter 1\policies\policies\main.cpp(269) : see reference to function template instantiation 'void Familiar<SpawnSpiderAttack,SpawnSpiderOnCollision,RandomMovement>::SetFollowTarget<Enemy>(T *)' being compiled
                 with
                 [
                     T=Enemy
                 ]
                 c:\users\user\documents\github\modern c++ design\chapter 1\policies\policies\main.cpp(269) : see reference to function template instantiation 'void Familiar<SpawnSpiderAttack,SpawnSpiderOnCollision,RandomMovement>::SetFollowTarget<Enemy>(T *)' being compiled
                 with
                 [
                     T=Enemy
                 ]
     1>c:\users\user\documents\github\modern c++ design\chapter 1\policies\policies\main.cpp(218): error C3861: 'SetNewTarget': identifier not found
     1>Done Building Project "C:\Users\User\Documents\GitHub\Modern C++ Design\Chapter 1\Policies\Policies\Policies.vcxproj" (Build target(s)) -- FAILED.

Build FAILED.

Time Elapsed 00:00:03.13
