Build started 4/11/2017 12:11:19 PM.
     1>Project "C:\Users\User\Documents\GitHub\Modern C++ Design\TheBindingOfCppDesign\TheBindingOfCppDesign.vcxproj" on node 4 (Build target(s)).
     1>ClCompile:
         C:\Program Files (x86)\Microsoft Visual Studio 12.0\VC\bin\CL.exe /c /Zi /nologo /W3 /WX- /sdl /O2 /Oi /Oy- /GL /D WIN32 /D NDEBUG /D _CONSOLE /D _LIB /D _UNICODE /D UNICODE /Gm- /EHsc /MD /GS /Gy /fp:precise /Zc:wchar_t /Zc:forScope /Fo"Release\\" /Fd"Release\vc120.pdb" /Gd /TP /analyze- /errorReport:prompt Attacks.cpp FamiliarFactory.cpp Game.cpp
         Attacks.cpp
         FamiliarFactory.cpp
         Game.cpp
       Link:
         C:\Program Files (x86)\Microsoft Visual Studio 12.0\VC\bin\link.exe /ERRORREPORT:PROMPT /OUT:"C:\Users\User\Documents\GitHub\Modern C++ Design\ModernCppDesign\Release\TheBindingOfCppDesign.exe" /INCREMENTAL:NO /NOLOGO kernel32.lib user32.lib gdi32.lib winspool.lib comdlg32.lib advapi32.lib shell32.lib ole32.lib oleaut32.lib uuid.lib odbc32.lib odbccp32.lib /MANIFEST /MANIFESTUAC:"level='asInvoker' uiAccess='false'" /manifest:embed /DEBUG /PDB:"C:\Users\User\Documents\GitHub\Modern C++ Design\ModernCppDesign\Release\TheBindingOfCppDesign.pdb" /SUBSYSTEM:CONSOLE /OPT:REF /OPT:ICF /LTCG /TLBID:1 /DYNAMICBASE /NXCOMPAT /IMPLIB:"C:\Users\User\Documents\GitHub\Modern C++ Design\ModernCppDesign\Release\TheBindingOfCppDesign.lib" /MACHINE:X86 /SAFESEH Release\Attacks.obj
         Release\FamiliarFactory.obj
         Release\Game.obj
     1>MSVCRT.lib(crtexe.obj) : error LNK2001: unresolved external symbol _main
     1>C:\Users\User\Documents\GitHub\Modern C++ Design\ModernCppDesign\Release\TheBindingOfCppDesign.exe : fatal error LNK1120: 1 unresolved externals
     1>Done Building Project "C:\Users\User\Documents\GitHub\Modern C++ Design\TheBindingOfCppDesign\TheBindingOfCppDesign.vcxproj" (Build target(s)) -- FAILED.

Build FAILED.

Time Elapsed 00:00:01.36
